2023-05-14 22:57:56 INFO [com.example.yin.YinMusicApplication]: Starting YinMusicApplication using Java 1.8.0_362 on c99977 with PID 18752 (D:\桌面\music-website-master\music-website-master\music-server\target\classes started by hp in D:\桌面\music-website-master\music-website-master)
2023-05-14 22:57:56 INFO [com.example.yin.YinMusicApplication]: The following profiles are active: dev
2023-05-14 22:57:56 INFO [org.springframework.boot.devtools.env.DevToolsPropertyDefaultsPostProcessor]: Devtools property defaults active! Set 'spring.devtools.add-properties' to 'false' to disable
2023-05-14 22:57:56 INFO [org.springframework.boot.devtools.env.DevToolsPropertyDefaultsPostProcessor]: For additional web related logging consider setting the 'logging.level.web' property to 'DEBUG'
2023-05-14 22:57:57 INFO [org.springframework.data.repository.config.RepositoryConfigurationDelegate]: Multiple Spring Data modules found, entering strict repository configuration mode!
2023-05-14 22:57:57 INFO [org.springframework.data.repository.config.RepositoryConfigurationDelegate]: Bootstrapping Spring Data Redis repositories in DEFAULT mode.
2023-05-14 22:57:57 INFO [org.springframework.data.repository.config.RepositoryConfigurationDelegate]: Finished Spring Data repository scanning in 17 ms. Found 0 Redis repository interfaces.
2023-05-14 22:58:01 INFO [org.springframework.boot.web.embedded.tomcat.TomcatWebServer]: Tomcat initialized with port(s): 8888 (http)
2023-05-14 22:58:01 INFO [org.springframework.boot.web.servlet.context.ServletWebServerApplicationContext]: Root WebApplicationContext: initialization completed in 4381 ms
2023-05-14 22:58:01 WARN [org.springframework.boot.autoconfigure.thymeleaf.ThymeleafAutoConfiguration$DefaultTemplateResolverConfiguration]: Cannot find template location: classpath:/templates/ (please add some templates or check your Thymeleaf configuration)
2023-05-14 22:58:01 INFO [org.springframework.boot.devtools.autoconfigure.OptionalLiveReloadServer]: LiveReload server is running on port 35729
2023-05-14 22:58:01 INFO [org.springframework.boot.web.embedded.tomcat.TomcatWebServer]: Tomcat started on port(s): 8888 (http) with context path ''
2023-05-14 22:58:01 INFO [com.example.yin.YinMusicApplication]: Started YinMusicApplication in 5.686 seconds (JVM running for 8.473)
2023-05-14 23:09:57 INFO [org.springframework.web.servlet.DispatcherServlet]: Initializing Servlet 'dispatcherServlet'
2023-05-14 23:09:57 INFO [org.springframework.web.servlet.DispatcherServlet]: Completed initialization in 3 ms
2023-05-14 23:09:57 INFO [com.zaxxer.hikari.HikariDataSource]: HikariPool-1 - Starting...
2023-05-14 23:09:57 INFO [com.zaxxer.hikari.HikariDataSource]: HikariPool-1 - Start completed.
2023-05-14 23:21:09 WARN [org.springframework.web.servlet.mvc.support.DefaultHandlerExceptionResolver]: Resolved [org.springframework.web.bind.MissingServletRequestParameterException: Required request parameter 'consumerId' for method parameter type Long is present but converted to null]
2023-05-14 23:24:06 INFO [com.zaxxer.hikari.HikariDataSource]: HikariPool-1 - Shutdown initiated...
2023-05-14 23:24:06 INFO [com.zaxxer.hikari.HikariDataSource]: HikariPool-1 - Shutdown completed.
2023-05-14 23:28:47 INFO [com.example.yin.YinMusicApplication]: Starting YinMusicApplication using Java 1.8.0_362 on c99977 with PID 8600 (D:\桌面\music-website-master\music-website-master\music-server\target\classes started by hp in D:\桌面\music-website-master\music-website-master)
2023-05-14 23:28:47 INFO [com.example.yin.YinMusicApplication]: The following profiles are active: dev
2023-05-14 23:28:47 INFO [org.springframework.boot.devtools.env.DevToolsPropertyDefaultsPostProcessor]: Devtools property defaults active! Set 'spring.devtools.add-properties' to 'false' to disable
2023-05-14 23:28:47 INFO [org.springframework.boot.devtools.env.DevToolsPropertyDefaultsPostProcessor]: For additional web related logging consider setting the 'logging.level.web' property to 'DEBUG'
2023-05-14 23:28:48 INFO [org.springframework.data.repository.config.RepositoryConfigurationDelegate]: Multiple Spring Data modules found, entering strict repository configuration mode!
2023-05-14 23:28:48 INFO [org.springframework.data.repository.config.RepositoryConfigurationDelegate]: Bootstrapping Spring Data Redis repositories in DEFAULT mode.
2023-05-14 23:28:48 INFO [org.springframework.data.repository.config.RepositoryConfigurationDelegate]: Finished Spring Data repository scanning in 15 ms. Found 0 Redis repository interfaces.
2023-05-14 23:28:51 INFO [org.springframework.boot.web.embedded.tomcat.TomcatWebServer]: Tomcat initialized with port(s): 8888 (http)
2023-05-14 23:28:51 INFO [org.springframework.boot.web.servlet.context.ServletWebServerApplicationContext]: Root WebApplicationContext: initialization completed in 4045 ms
2023-05-14 23:28:52 WARN [org.springframework.boot.autoconfigure.thymeleaf.ThymeleafAutoConfiguration$DefaultTemplateResolverConfiguration]: Cannot find template location: classpath:/templates/ (please add some templates or check your Thymeleaf configuration)
2023-05-14 23:28:52 INFO [org.springframework.boot.devtools.autoconfigure.OptionalLiveReloadServer]: LiveReload server is running on port 35729
2023-05-14 23:28:52 INFO [org.springframework.boot.web.embedded.tomcat.TomcatWebServer]: Tomcat started on port(s): 8888 (http) with context path ''
2023-05-14 23:28:52 INFO [com.example.yin.YinMusicApplication]: Started YinMusicApplication in 5.298 seconds (JVM running for 7.298)
2023-05-14 23:29:36 INFO [org.springframework.web.servlet.DispatcherServlet]: Initializing Servlet 'dispatcherServlet'
2023-05-14 23:29:36 INFO [org.springframework.web.servlet.DispatcherServlet]: Completed initialization in 1 ms
2023-05-14 23:29:36 INFO [com.zaxxer.hikari.HikariDataSource]: HikariPool-1 - Starting...
2023-05-14 23:29:36 INFO [com.zaxxer.hikari.HikariDataSource]: HikariPool-1 - Start completed.
2023-05-14 23:31:45 INFO [com.zaxxer.hikari.HikariDataSource]: HikariPool-1 - Shutdown initiated...
2023-05-14 23:31:45 INFO [com.zaxxer.hikari.HikariDataSource]: HikariPool-1 - Shutdown completed.
2023-05-14 23:53:21 INFO [com.example.yin.YinMusicApplication]: Starting YinMusicApplication using Java 1.8.0_362 on c99977 with PID 1780 (D:\桌面\music-website-master\music-website-master\music-server\target\classes started by hp in D:\桌面\music-website-master\music-website-master)
2023-05-14 23:53:21 INFO [com.example.yin.YinMusicApplication]: The following profiles are active: dev
2023-05-14 23:53:21 INFO [org.springframework.boot.devtools.env.DevToolsPropertyDefaultsPostProcessor]: Devtools property defaults active! Set 'spring.devtools.add-properties' to 'false' to disable
2023-05-14 23:53:21 INFO [org.springframework.boot.devtools.env.DevToolsPropertyDefaultsPostProcessor]: For additional web related logging consider setting the 'logging.level.web' property to 'DEBUG'
2023-05-14 23:53:22 INFO [org.springframework.data.repository.config.RepositoryConfigurationDelegate]: Multiple Spring Data modules found, entering strict repository configuration mode!
2023-05-14 23:53:22 INFO [org.springframework.data.repository.config.RepositoryConfigurationDelegate]: Bootstrapping Spring Data Redis repositories in DEFAULT mode.
2023-05-14 23:53:22 INFO [org.springframework.data.repository.config.RepositoryConfigurationDelegate]: Finished Spring Data repository scanning in 10 ms. Found 0 Redis repository interfaces.
2023-05-14 23:53:25 INFO [org.springframework.boot.web.embedded.tomcat.TomcatWebServer]: Tomcat initialized with port(s): 8888 (http)
2023-05-14 23:53:25 INFO [org.springframework.boot.web.servlet.context.ServletWebServerApplicationContext]: Root WebApplicationContext: initialization completed in 3865 ms
2023-05-14 23:53:26 WARN [org.springframework.boot.autoconfigure.thymeleaf.ThymeleafAutoConfiguration$DefaultTemplateResolverConfiguration]: Cannot find template location: classpath:/templates/ (please add some templates or check your Thymeleaf configuration)
2023-05-14 23:53:26 INFO [org.springframework.boot.devtools.autoconfigure.OptionalLiveReloadServer]: LiveReload server is running on port 35729
2023-05-14 23:53:26 INFO [org.springframework.boot.web.embedded.tomcat.TomcatWebServer]: Tomcat started on port(s): 8888 (http) with context path ''
2023-05-14 23:53:26 INFO [com.example.yin.YinMusicApplication]: Started YinMusicApplication in 5.211 seconds (JVM running for 7.061)
2023-05-14 23:55:58 INFO [org.springframework.web.servlet.DispatcherServlet]: Initializing Servlet 'dispatcherServlet'
2023-05-14 23:55:58 INFO [org.springframework.web.servlet.DispatcherServlet]: Completed initialization in 2 ms
2023-05-14 23:55:58 INFO [com.zaxxer.hikari.HikariDataSource]: HikariPool-1 - Starting...
2023-05-14 23:55:58 INFO [com.zaxxer.hikari.HikariDataSource]: HikariPool-1 - Start completed.
2023-05-14 23:59:48 WARN [org.springframework.web.servlet.PageNotFound]: No mapping for GET /allUser
2023-05-14 23:59:48 WARN [org.springframework.web.servlet.PageNotFound]: No mapping for GET /favicon.ico
